

Started GET "/articles" for ::1 at 2016-03-04 20:58:22 +0900
Processing by ArticlesController#index as HTML
  [1m[36m (0.3ms)[0m  [1mSELECT COUNT(*) FROM `articles`[0m
  [1m[35mArticle Load (0.6ms)[0m  SELECT  `articles`.* FROM `articles` WHERE (id >= 27) LIMIT 10
  Rendered articles/_comments.html.erb (23.0ms)
  Rendered articles/index.html.erb within layouts/application (43.6ms)
Completed 200 OK in 1993ms (Views: 1908.3ms | ActiveRecord: 29.8ms)


Started GET "/articles/all" for ::1 at 2016-03-04 20:58:29 +0900
Processing by ArticlesController#all as HTML
  [1m[36mArticle Load (0.5ms)[0m  [1mSELECT `articles`.* FROM `articles`[0m
  Rendered articles/_comments.html.erb (27.6ms)
  Rendered articles/all.html.erb within layouts/application (31.3ms)
Completed 200 OK in 57ms (Views: 55.2ms | ActiveRecord: 0.5ms)
  [1m[36mActiveRecord::SchemaMigration Load (0.4ms)[0m  [1mSELECT `schema_migrations`.* FROM `schema_migrations`[0m
Migrating to CreateArticles (20160304120430)
  [1m[35m (27.2ms)[0m  CREATE TABLE `articles` (`id` int(11) auto_increment PRIMARY KEY, `name` varchar(255), `email` varchar(255), `text` text, `created_at` datetime NOT NULL, `updated_at` datetime NOT NULL) ENGINE=InnoDB
  [1m[36m (46.5ms)[0m  [1mCREATE TABLE `schema_migrations` (`version` varchar(255) NOT NULL) ENGINE=InnoDB[0m
  [1m[35m (52.1ms)[0m  CREATE UNIQUE INDEX `unique_schema_migrations`  ON `schema_migrations` (`version`) 
  [1m[36mActiveRecord::SchemaMigration Load (0.2ms)[0m  [1mSELECT `schema_migrations`.* FROM `schema_migrations`[0m
Migrating to CreateArticles (20160304120430)
  [1m[35m (28.3ms)[0m  CREATE TABLE `articles` (`id` int(11) auto_increment PRIMARY KEY, `name` varchar(255), `email` varchar(255), `text` text, `created_at` datetime NOT NULL, `updated_at` datetime NOT NULL) ENGINE=InnoDB
  [1m[36m (0.2ms)[0m  [1mBEGIN[0m
  [1m[35mSQL (6.6ms)[0m  INSERT INTO `schema_migrations` (`version`) VALUES ('20160304120430')
  [1m[36m (6.4ms)[0m  [1mCOMMIT[0m
  [1m[35mActiveRecord::SchemaMigration Load (0.2ms)[0m  SELECT `schema_migrations`.* FROM `schema_migrations`
  [1m[36m (18.0ms)[0m  [1mSELECT fk.referenced_table_name as 'to_table'
      ,fk.referenced_column_name as 'primary_key'
      ,fk.column_name as 'column'
      ,fk.constraint_name as 'name'
FROM information_schema.key_column_usage fk
WHERE fk.referenced_column_name is not null
  AND fk.table_schema = 'forum_development'
  AND fk.table_name = 'articles'
[0m
  [1m[35m (0.3ms)[0m  SHOW CREATE TABLE `articles`


Started GET "/articles/" for ::1 at 2016-03-04 21:06:39 +0900
  [1m[35mActiveRecord::SchemaMigration Load (0.3ms)[0m  SELECT `schema_migrations`.* FROM `schema_migrations`
Processing by ArticlesController#index as HTML
  [1m[36m (0.2ms)[0m  [1mSELECT COUNT(*) FROM `articles`[0m
  [1m[35mArticle Load (0.4ms)[0m  SELECT `articles`.* FROM `articles`
  Rendered articles/_comments.html.erb (2.0ms)
  Rendered articles/index.html.erb within layouts/application (4.9ms)
Completed 200 OK in 47ms (Views: 41.4ms | ActiveRecord: 1.2ms)


Started GET "/articles/new" for ::1 at 2016-03-04 21:06:58 +0900
Processing by ArticlesController#new as HTML
  Rendered articles/new.html.erb within layouts/application (35.2ms)
Completed 200 OK in 85ms (Views: 78.2ms | ActiveRecord: 0.6ms)


Started POST "/articles" for ::1 at 2016-03-04 21:07:08 +0900
Processing by ArticlesController#create as HTML
  Parameters: {"utf8"=>"✓", "authenticity_token"=>"kXFadDLztf4C8V7Vti7dlW46eIgmqbY/v129k2mnVEZ9iDBpLjLsT5ukXHU9C4Wq1Amc43tHUbd5aLot20/RZA==", "article"=>{"name"=>"Tree", "email"=>"", "text"=>"Hello"}, "commit"=>"Create Article"}
  [1m[36m (0.2ms)[0m  [1mBEGIN[0m
  [1m[35mSQL (0.3ms)[0m  INSERT INTO `articles` (`name`, `email`, `text`, `created_at`, `updated_at`) VALUES ('Tree', '', 'Hello', '2016-03-04 12:07:08', '2016-03-04 12:07:08')
  [1m[36m (6.0ms)[0m  [1mCOMMIT[0m
Redirected to http://localhost:3000/articles/1
Completed 302 Found in 11ms (ActiveRecord: 6.5ms)


Started GET "/articles/1" for ::1 at 2016-03-04 21:07:08 +0900
Processing by ArticlesController#show as HTML
  Parameters: {"id"=>"1"}
  [1m[35mArticle Load (0.4ms)[0m  SELECT  `articles`.* FROM `articles` WHERE `articles`.`id` = 1 LIMIT 1
  Rendered articles/show.html.erb within layouts/application (1.6ms)
Completed 200 OK in 41ms (Views: 30.2ms | ActiveRecord: 0.4ms)


Started GET "/articles" for ::1 at 2016-03-04 21:07:11 +0900
Processing by ArticlesController#index as HTML
  [1m[36m (0.3ms)[0m  [1mSELECT COUNT(*) FROM `articles`[0m
  [1m[35mArticle Load (0.3ms)[0m  SELECT `articles`.* FROM `articles`
  Rendered articles/_comments.html.erb (1.7ms)
  Rendered articles/index.html.erb within layouts/application (4.6ms)
Completed 200 OK in 35ms (Views: 32.4ms | ActiveRecord: 0.6ms)


Started GET "/articles/admin" for ::1 at 2016-03-04 21:07:20 +0900
Processing by ArticlesController#admin as HTML
  [1m[36mArticle Load (0.5ms)[0m  [1mSELECT `articles`.* FROM `articles`[0m
  Rendered articles/admin.html.erb within layouts/application (4.9ms)
Completed 200 OK in 29ms (Views: 27.2ms | ActiveRecord: 0.5ms)


Started GET "/articles" for ::1 at 2016-03-04 21:07:23 +0900
Processing by ArticlesController#index as HTML
  [1m[35m (0.4ms)[0m  SELECT COUNT(*) FROM `articles`
  [1m[36mArticle Load (0.5ms)[0m  [1mSELECT `articles`.* FROM `articles`[0m
  Rendered articles/_comments.html.erb (2.0ms)
  Rendered articles/index.html.erb within layouts/application (12.4ms)
Completed 200 OK in 37ms (Views: 34.6ms | ActiveRecord: 0.9ms)


Started GET "/articles/all" for ::1 at 2016-03-04 21:07:43 +0900
Processing by ArticlesController#all as HTML
  [1m[35mArticle Load (0.3ms)[0m  SELECT `articles`.* FROM `articles`
  Rendered articles/_comments.html.erb (1.7ms)
  Rendered articles/all.html.erb within layouts/application (4.2ms)
Completed 200 OK in 28ms (Views: 26.4ms | ActiveRecord: 0.3ms)


Started GET "/articles" for ::1 at 2016-03-04 21:07:45 +0900
Processing by ArticlesController#index as HTML
  [1m[36m (0.4ms)[0m  [1mSELECT COUNT(*) FROM `articles`[0m
  [1m[35mArticle Load (0.5ms)[0m  SELECT `articles`.* FROM `articles`
  Rendered articles/_comments.html.erb (2.8ms)
  Rendered articles/index.html.erb within layouts/application (5.5ms)
Completed 200 OK in 29ms (Views: 25.7ms | ActiveRecord: 0.9ms)


Started GET "/articles/admin" for ::1 at 2016-03-04 21:07:53 +0900
Processing by ArticlesController#admin as HTML
  [1m[36mArticle Load (0.4ms)[0m  [1mSELECT `articles`.* FROM `articles`[0m
  Rendered articles/admin.html.erb within layouts/application (1.9ms)
Completed 200 OK in 23ms (Views: 21.4ms | ActiveRecord: 0.4ms)


Started DELETE "/articles/1" for ::1 at 2016-03-04 21:07:56 +0900
Processing by ArticlesController#delete as HTML
  Parameters: {"authenticity_token"=>"Pfyq9e9FnymTTdJuvOFM6dHXQ+pmnNLzXLx6jjLHUZPRBcDo84TGmAoY0M43xBTWa+SngTtyNXuaiX0wgC/UsQ==", "id"=>"1"}
  [1m[35mArticle Load (0.4ms)[0m  SELECT  `articles`.* FROM `articles` WHERE `articles`.`id` = 1 LIMIT 1
  [1m[36m (0.1ms)[0m  [1mBEGIN[0m
  [1m[35mSQL (0.5ms)[0m  UPDATE `articles` SET `name` = '--', `email` = '--', `text` = '--deleted--', `updated_at` = '2016-03-04 12:07:56' WHERE `articles`.`id` = 1
  [1m[36m (6.8ms)[0m  [1mCOMMIT[0m
Redirected to http://localhost:3000/articles/admin
Completed 302 Found in 12ms (ActiveRecord: 7.7ms)


Started GET "/articles/admin" for ::1 at 2016-03-04 21:07:56 +0900
Processing by ArticlesController#admin as HTML
  [1m[35mArticle Load (0.4ms)[0m  SELECT `articles`.* FROM `articles`
  Rendered articles/admin.html.erb within layouts/application (2.4ms)
Completed 200 OK in 22ms (Views: 19.8ms | ActiveRecord: 0.4ms)


Started GET "/articles" for ::1 at 2016-03-04 21:07:57 +0900
Processing by ArticlesController#index as HTML
  [1m[36m (0.3ms)[0m  [1mSELECT COUNT(*) FROM `articles`[0m
  [1m[35mArticle Load (0.5ms)[0m  SELECT `articles`.* FROM `articles`
  Rendered articles/_comments.html.erb (2.6ms)
  Rendered articles/index.html.erb within layouts/application (6.1ms)
Completed 200 OK in 27ms (Views: 25.0ms | ActiveRecord: 0.8ms)
